<?xml version="1.0" encoding="UTF-8"?>
<!-- Generated by org.testng.reporters.JUnitReportReporter -->
<testsuite hostname="HGT-LAP-359" failures="0" tests="1" name="TestCase.Testcases_Ramya" time="11.400" errors="0" timestamp="2024-06-10T11:57:42 IST" skipped="0">
  <testcase classname="TestCase.Testcases_Ramya" name="VerifyLoginFunctionalityWithValidCredantials" time="11.400"/>
  <system-out/>
</testsuite> <!-- TestCase.Testcases_Ramya -->
