<?xml version="1.0" encoding="UTF-8"?>
<!-- Generated by org.testng.reporters.JUnitReportReporter -->
<testsuite hostname="HGT-LAP-359" failures="0" tests="1" name="TestCase.LoginPageTest" time="15.818" errors="0" timestamp="2024-06-10T11:53:42 IST" skipped="0">
  <testcase classname="TestCase.LoginPageTest" name="verifyloginwithValidCredentials" time="15.818"/>
  <system-out/>
</testsuite> <!-- TestCase.LoginPageTest -->
